◇ injected env (17) from .env // tip: ◈ secrets for agents [www.dotenvx.com]
◇ injected env (0) from .env // tip: ⌘ override existing { override: true }
◇ injected env (0) from .env // tip: ⌘ suppress logs { quiet: true }
◇ injected env (0) from .env // tip: ⌘ enable debugging { debug: true }
Server running on port 5000
✅ Connected to MySQL database successfully
Email failed: Invalid login: 535-5.7.8 Username and Password not accepted. For more information, go to
535 5.7.8  https://support.google.com/mail/?p=BadCredentials 5a478bee46e88-311747f5975sm30325700eec.4 - gsmtp
customFieldsDef: [{"id":1783611383671,"name":"firstname","label":"firstname","type":"text","placeholder":"firstname","options":"","required":true,"webhook_key":"firstname"},{"id":1783611383839,"name":"lastname","label":"lastname","type":"text","placeholder":"lastname","options":"","required":true,"webhook_key":"lastname"},{"id":1783611384039,"name":"contact","label":"contact","type":"text","placeholder":"contact","options":"","required":true,"webhook_key":"contact"},{"id":1783611384191,"name":"email","label":"email","type":"text","placeholder":"email","options":"","required":true,"webhook_key":"email"},{"id":1783611384607,"name":"address","label":"address","type":"text","placeholder":"address","options":"","required":true,"webhook_key":"address"},{"id":1783611384855,"name":"country","label":"country","type":"text","placeholder":"country","options":"","required":true,"webhook_key":"country"}]
Webhook payload: {"firstname":"abc","lastname":"xyz","contact":"7896541023","email":"abc123@gmail.com","address":"Pune","country":"India"}
Webhook failed [https://8de3-182-156-137-106.ngrok-free.app/api/users] — status: 400 — error: Request failed with status code 400 {
  success: false,
  message: 'Validation failed.',
  errors: [ 'State is required', 'State must be a string' ]
}
Email send skipped: Invalid login: 535-5.7.8 Username and Password not accepted. For more information, go to
535 5.7.8  https://support.google.com/mail/?p=BadCredentials 5a478bee46e88-31174839f89sm32736905eec.10 - gsmtp
Email failed: Invalid login: 535-5.7.8 Username and Password not accepted. For more information, go to
535 5.7.8  https://support.google.com/mail/?p=BadCredentials 5a478bee46e88-311a6115e61sm21213456eec.22 - gsmtp
Email failed: Invalid login: 535-5.7.8 Username and Password not accepted. For more information, go to
535 5.7.8  https://support.google.com/mail/?p=BadCredentials 5a478bee46e88-311935fd091sm24989928eec.24 - gsmtp
Email failed: Invalid login: 535-5.7.8 Username and Password not accepted. For more information, go to
535 5.7.8  https://support.google.com/mail/?p=BadCredentials 5a478bee46e88-311747f596asm42304080eec.2 - gsmtp
Email failed: Invalid login: 535-5.7.8 Username and Password not accepted. For more information, go to
535 5.7.8  https://support.google.com/mail/?p=BadCredentials a92af1059eb24-13b659c865asm45352430c88.11 - gsmtp
Email failed: Invalid login: 535-5.7.8 Username and Password not accepted. For more information, go to
535 5.7.8  https://support.google.com/mail/?p=BadCredentials a92af1059eb24-13b658a99afsm40235674c88.0 - gsmtp
Email failed: Invalid login: 535-5.7.8 Username and Password not accepted. For more information, go to
535 5.7.8  https://support.google.com/mail/?p=BadCredentials 5a478bee46e88-313b4b97661sm8223599eec.7 - gsmtp
Email failed: Invalid login: 535-5.7.8 Username and Password not accepted. For more information, go to
535 5.7.8  https://support.google.com/mail/?p=BadCredentials 5a478bee46e88-313af819732sm9090593eec.16 - gsmtp
Email failed: Invalid login: 535-5.7.8 Username and Password not accepted. For more information, go to
535 5.7.8  https://support.google.com/mail/?p=BadCredentials 5a478bee46e88-3117d847e17sm40588914eec.18 - gsmtp
Email failed: Invalid login: 535-5.7.8 Username and Password not accepted. For more information, go to
535 5.7.8  https://support.google.com/mail/?p=BadCredentials 5a478bee46e88-311838c9235sm37902916eec.21 - gsmtp
Email failed: Invalid login: 535-5.7.8 Username and Password not accepted. For more information, go to
535 5.7.8  https://support.google.com/mail/?p=BadCredentials a92af1059eb24-13b659d7c8bsm46292196c88.12 - gsmtp
Email failed: Invalid login: 535-5.7.8 Username and Password not accepted. For more information, go to
535 5.7.8  https://support.google.com/mail/?p=BadCredentials 5a478bee46e88-311b00048a3sm13217216eec.5 - gsmtp
Email failed: Invalid login: 535-5.7.8 Username and Password not accepted. For more information, go to
535 5.7.8  https://support.google.com/mail/?p=BadCredentials 5a478bee46e88-31198cb2b99sm23217276eec.26 - gsmtp
Email failed: Invalid login: 535-5.7.8 Username and Password not accepted. For more information, go to
535 5.7.8  https://support.google.com/mail/?p=BadCredentials a92af1059eb24-13b8deb2a21sm162031c88.3 - gsmtp
Email failed: Invalid login: 535-5.7.8 Username and Password not accepted. For more information, go to
535 5.7.8  https://support.google.com/mail/?p=BadCredentials a92af1059eb24-13b6593c9a1sm51783017c88.2 - gsmtp
Email failed: Invalid login: 535-5.7.8 Username and Password not accepted. For more information, go to
535 5.7.8  https://support.google.com/mail/?p=BadCredentials 5a478bee46e88-311747f596asm43142758eec.2 - gsmtp
Email failed: Invalid login: 535-5.7.8 Username and Password not accepted. For more information, go to
535 5.7.8  https://support.google.com/mail/?p=BadCredentials a92af1059eb24-13b659d87a2sm39794388c88.13 - gsmtp
Email failed: Invalid login: 535-5.7.8 Username and Password not accepted. For more information, go to
535 5.7.8  https://support.google.com/mail/?p=BadCredentials 5a478bee46e88-3117462f5c7sm46771447eec.0 - gsmtp
Email failed: Invalid login: 535-5.7.8 Username and Password not accepted. For more information, go to
535 5.7.8  https://support.google.com/mail/?p=BadCredentials 5a478bee46e88-3119d5cf176sm20128423eec.12 - gsmtp
Email failed: Invalid login: 535-5.7.8 Username and Password not accepted. For more information, go to
535 5.7.8  https://support.google.com/mail/?p=BadCredentials 5a478bee46e88-313b0240570sm9013027eec.28 - gsmtp
Email failed: Invalid login: 535-5.7.8 Username and Password not accepted. For more information, go to
535 5.7.8  https://support.google.com/mail/?p=BadCredentials a92af1059eb24-13b659d87a2sm39798244c88.13 - gsmtp
